0 info it worked if it ends with ok
1 verbose cli [ 'C:\\Program Files\\nodejs\\node.exe',
1 verbose cli   'C:\\Program Files\\nodejs\\node_modules\\npm\\bin\\npm-cli.js',
1 verbose cli   'install',
1 verbose cli   'prompt' ]
2 info using npm@2.15.1
3 info using node@v4.4.3
4 verbose install initial load of C:\Users\Usuario\Desktop\ejerciciosjsestructurasrepetitivas\package.json
5 verbose readDependencies loading dependencies from C:\Users\Usuario\Desktop\ejerciciosjsestructurasrepetitivas\package.json
6 silly cache add args [ 'prompt', null ]
7 verbose cache add spec prompt
8 silly cache add parsed spec Result {
8 silly cache add   raw: 'prompt',
8 silly cache add   scope: null,
8 silly cache add   name: 'prompt',
8 silly cache add   rawSpec: '',
8 silly cache add   spec: 'latest',
8 silly cache add   type: 'tag' }
9 silly addNamed prompt@latest
10 verbose addNamed "latest" is being treated as a dist-tag for prompt
11 info addNameTag [ 'prompt', 'latest' ]
12 silly mapToRegistry name prompt
13 silly mapToRegistry using default registry
14 silly mapToRegistry registry https://registry.npmjs.org/
15 silly mapToRegistry data Result {
15 silly mapToRegistry   raw: 'prompt',
15 silly mapToRegistry   scope: null,
15 silly mapToRegistry   name: 'prompt',
15 silly mapToRegistry   rawSpec: '',
15 silly mapToRegistry   spec: 'latest',
15 silly mapToRegistry   type: 'tag' }
16 silly mapToRegistry uri https://registry.npmjs.org/prompt
17 verbose addNameTag registry:https://registry.npmjs.org/prompt not in flight; fetching
18 verbose request uri https://registry.npmjs.org/prompt
19 verbose request no auth needed
20 info attempt registry request try #1 at 12:19:08
21 verbose request id 5959ef1a162f317d
22 http request GET https://registry.npmjs.org/prompt
23 http 200 https://registry.npmjs.org/prompt
24 verbose headers { server: 'CouchDB/1.5.0 (Erlang OTP/R16B03)',
24 verbose headers   etag: '"4CUBPFCYTM8IR9IVELPSBSX5K"',
24 verbose headers   'content-type': 'application/json',
24 verbose headers   'content-encoding': 'gzip',
24 verbose headers   'cache-control': 'max-age=300',
24 verbose headers   'content-length': '10149',
24 verbose headers   'accept-ranges': 'bytes',
24 verbose headers   date: 'Fri, 22 Apr 2016 17:19:03 GMT',
24 verbose headers   via: '1.1 varnish',
24 verbose headers   age: '299',
24 verbose headers   connection: 'keep-alive',
24 verbose headers   'x-served-by': 'cache-iad2121-IAD',
24 verbose headers   'x-cache': 'HIT',
24 verbose headers   'x-cache-hits': '6',
24 verbose headers   'x-timer': 'S1461345543.524551,VS0,VE0',
24 verbose headers   vary: 'Accept-Encoding' }
25 silly get cb [ 200,
25 silly get   { server: 'CouchDB/1.5.0 (Erlang OTP/R16B03)',
25 silly get     etag: '"4CUBPFCYTM8IR9IVELPSBSX5K"',
25 silly get     'content-type': 'application/json',
25 silly get     'content-encoding': 'gzip',
25 silly get     'cache-control': 'max-age=300',
25 silly get     'content-length': '10149',
25 silly get     'accept-ranges': 'bytes',
25 silly get     date: 'Fri, 22 Apr 2016 17:19:03 GMT',
25 silly get     via: '1.1 varnish',
25 silly get     age: '299',
25 silly get     connection: 'keep-alive',
25 silly get     'x-served-by': 'cache-iad2121-IAD',
25 silly get     'x-cache': 'HIT',
25 silly get     'x-cache-hits': '6',
25 silly get     'x-timer': 'S1461345543.524551,VS0,VE0',
25 silly get     vary: 'Accept-Encoding' } ]
26 verbose get saving prompt to C:\Users\Usuario\AppData\Roaming\npm-cache\registry.npmjs.org\prompt\.cache.json
27 verbose correctMkdir C:\Users\Usuario\AppData\Roaming\npm-cache correctMkdir not in flight; initializing
28 verbose makeDirectory C:\Users\Usuario\AppData\Roaming\npm-cache creation not in flight; initializing
29 verbose makeCacheDir UID & GID are irrelevant on win32
30 silly addNameTag next cb for prompt with tag latest
31 silly addNamed prompt@1.0.0
32 verbose addNamed "1.0.0" is a plain semver version for prompt
33 silly mapToRegistry name prompt
34 silly mapToRegistry using default registry
35 silly mapToRegistry registry https://registry.npmjs.org/
36 silly mapToRegistry data Result {
36 silly mapToRegistry   raw: 'prompt',
36 silly mapToRegistry   scope: null,
36 silly mapToRegistry   name: 'prompt',
36 silly mapToRegistry   rawSpec: '',
36 silly mapToRegistry   spec: 'latest',
36 silly mapToRegistry   type: 'tag' }
37 silly mapToRegistry uri https://registry.npmjs.org/prompt
38 verbose addRemoteTarball https://registry.npmjs.org/prompt/-/prompt-1.0.0.tgz not in flight; adding
39 verbose addRemoteTarball [ 'https://registry.npmjs.org/prompt/-/prompt-1.0.0.tgz',
39 verbose addRemoteTarball   '8e57123c396ab988897fb327fd3aedc3e735e4fe' ]
40 info retry fetch attempt 1 at 12:19:09
41 info attempt registry request try #1 at 12:19:09
42 http fetch GET https://registry.npmjs.org/prompt/-/prompt-1.0.0.tgz
43 http fetch 200 https://registry.npmjs.org/prompt/-/prompt-1.0.0.tgz
44 silly fetchAndShaCheck shasum 8e57123c396ab988897fb327fd3aedc3e735e4fe
45 verbose addTmpTarball C:\Users\Usuario\AppData\Local\Temp\npm-3228-7af4f2cb\registry.npmjs.org\prompt\-\prompt-1.0.0.tgz not in flight; adding
46 verbose addTmpTarball already have metadata; skipping unpack for prompt@1.0.0
47 verbose correctMkdir C:\Users\Usuario\AppData\Roaming\npm-cache correctMkdir not in flight; initializing
48 silly cache afterAdd prompt@1.0.0
49 verbose afterAdd C:\Users\Usuario\AppData\Roaming\npm-cache\prompt\1.0.0\package\package.json not in flight; writing
50 verbose correctMkdir C:\Users\Usuario\AppData\Roaming\npm-cache correctMkdir not in flight; initializing
51 verbose afterAdd C:\Users\Usuario\AppData\Roaming\npm-cache\prompt\1.0.0\package\package.json written
52 silly install resolved [ { name: 'prompt',
52 silly install resolved     version: '1.0.0',
52 silly install resolved     description: 'A beautiful command-line prompt for node.js',
52 silly install resolved     author: { name: 'Nodejitsu Inc.', email: 'info@nodejitsu.com' },
52 silly install resolved     maintainers: [ [Object], [Object], [Object] ],
52 silly install resolved     repository:
52 silly install resolved      { type: 'git',
52 silly install resolved        url: 'git+ssh://git@github.com/flatiron/prompt.git' },
52 silly install resolved     dependencies:
52 silly install resolved      { colors: '^1.1.2',
52 silly install resolved        pkginfo: '0.x.x',
52 silly install resolved        read: '1.0.x',
52 silly install resolved        revalidator: '0.1.x',
52 silly install resolved        utile: '0.3.x',
52 silly install resolved        winston: '2.1.x' },
52 silly install resolved     devDependencies: { vows: '0.7.0' },
52 silly install resolved     main: './lib/prompt',
52 silly install resolved     scripts:
52 silly install resolved      { test: 'vows test/prompt-test.js --spec',
52 silly install resolved        'test-all': 'vows --spec' },
52 silly install resolved     license: 'MIT',
52 silly install resolved     engines: { node: '>= 0.6.6' },
52 silly install resolved     gitHead: '11f2a2b5123a55c5edd9f11e07f4190e6cf61907',
52 silly install resolved     bugs: { url: 'https://github.com/flatiron/prompt/issues' },
52 silly install resolved     homepage: 'https://github.com/flatiron/prompt#readme',
52 silly install resolved     _id: 'prompt@1.0.0',
52 silly install resolved     _shasum: '8e57123c396ab988897fb327fd3aedc3e735e4fe',
52 silly install resolved     _from: 'prompt@latest',
52 silly install resolved     _npmVersion: '2.14.1',
52 silly install resolved     _nodeVersion: '4.2.2',
52 silly install resolved     _npmUser: { name: 'indexzero', email: 'charlie.robbins@gmail.com' },
52 silly install resolved     dist:
52 silly install resolved      { shasum: '8e57123c396ab988897fb327fd3aedc3e735e4fe',
52 silly install resolved        tarball: 'https://registry.npmjs.org/prompt/-/prompt-1.0.0.tgz' },
52 silly install resolved     _npmOperationalInternal:
52 silly install resolved      { host: 'packages-5-east.internal.npmjs.com',
52 silly install resolved        tmp: 'tmp/prompt-1.0.0.tgz_1455093788545_0.33723675599321723' },
52 silly install resolved     directories: {},
52 silly install resolved     _resolved: 'https://registry.npmjs.org/prompt/-/prompt-1.0.0.tgz' } ]
53 info install prompt@1.0.0 into C:\Users\Usuario\Desktop\ejerciciosjsestructurasrepetitivas
54 info installOne prompt@1.0.0
55 verbose installOne of prompt to C:\Users\Usuario\Desktop\ejerciciosjsestructurasrepetitivas not in flight; installing
56 verbose correctMkdir C:\Users\Usuario\AppData\Roaming\npm-cache\_locks correctMkdir not in flight; initializing
57 verbose makeDirectory C:\Users\Usuario\AppData\Roaming\npm-cache\_locks creation not in flight; initializing
58 verbose makeCacheDir UID & GID are irrelevant on win32
59 verbose lock using C:\Users\Usuario\AppData\Roaming\npm-cache\_locks\prompt-5d74044deeaf8264.lock for C:\Users\Usuario\Desktop\ejerciciosjsestructurasrepetitivas\node_modules\prompt
60 silly install write writing prompt 1.0.0 to C:\Users\Usuario\Desktop\ejerciciosjsestructurasrepetitivas\node_modules\prompt
61 verbose unbuild node_modules\prompt
62 silly gentlyRm C:\Users\Usuario\Desktop\ejerciciosjsestructurasrepetitivas\node_modules\prompt is being purged from base C:\Users\Usuario\Desktop\ejerciciosjsestructurasrepetitivas
63 verbose gentlyRm don't care about contents; nuking C:\Users\Usuario\Desktop\ejerciciosjsestructurasrepetitivas\node_modules\prompt
64 verbose tar unpack C:\Users\Usuario\AppData\Roaming\npm-cache\prompt\1.0.0\package.tgz
65 verbose tar unpacking to C:\Users\Usuario\Desktop\ejerciciosjsestructurasrepetitivas\node_modules\prompt
66 silly gentlyRm C:\Users\Usuario\Desktop\ejerciciosjsestructurasrepetitivas\node_modules\prompt is being purged
67 verbose gentlyRm don't care about contents; nuking C:\Users\Usuario\Desktop\ejerciciosjsestructurasrepetitivas\node_modules\prompt
68 silly gunzTarPerm modes [ '777', '666' ]
69 silly gunzTarPerm extractEntry package.json
70 silly gunzTarPerm modified mode [ 'package.json', 420, 438 ]
71 silly gunzTarPerm extractEntry .npmignore
72 silly gunzTarPerm modified mode [ '.npmignore', 420, 438 ]
73 silly gunzTarPerm extractEntry README.md
74 silly gunzTarPerm modified mode [ 'README.md', 420, 438 ]
75 silly gunzTarPerm extractEntry LICENSE
76 silly gunzTarPerm modified mode [ 'LICENSE', 420, 438 ]
77 silly gunzTarPerm extractEntry CHANGELOG.md
78 silly gunzTarPerm modified mode [ 'CHANGELOG.md', 420, 438 ]
79 silly gunzTarPerm extractEntry .jshintrc
80 silly gunzTarPerm modified mode [ '.jshintrc', 420, 438 ]
81 silly gunzTarPerm extractEntry docs/docco.css
82 silly gunzTarPerm modified mode [ 'docs/docco.css', 420, 438 ]
83 silly gunzTarPerm extractEntry docs/prompt.html
84 silly gunzTarPerm modified mode [ 'docs/prompt.html', 420, 438 ]
85 silly gunzTarPerm extractEntry examples/add-properties.js
86 silly gunzTarPerm modified mode [ 'examples/add-properties.js', 420, 438 ]
87 silly gunzTarPerm extractEntry examples/existing-properties.js
88 silly gunzTarPerm modified mode [ 'examples/existing-properties.js', 420, 438 ]
89 silly gunzTarPerm extractEntry examples/history.js
90 silly gunzTarPerm modified mode [ 'examples/history.js', 420, 438 ]
91 silly gunzTarPerm extractEntry examples/nested-properties-prompt.js
92 silly gunzTarPerm modified mode [ 'examples/nested-properties-prompt.js', 420, 438 ]
93 silly gunzTarPerm extractEntry examples/old-schema.js
94 silly gunzTarPerm modified mode [ 'examples/old-schema.js', 420, 438 ]
95 silly gunzTarPerm extractEntry examples/dynamic-ask-prompt.js
96 silly gunzTarPerm modified mode [ 'examples/dynamic-ask-prompt.js', 420, 438 ]
97 silly gunzTarPerm extractEntry examples/password.js
98 silly gunzTarPerm modified mode [ 'examples/password.js', 420, 438 ]
99 silly gunzTarPerm extractEntry examples/prompt-override.js
100 silly gunzTarPerm modified mode [ 'examples/prompt-override.js', 420, 438 ]
101 silly gunzTarPerm extractEntry examples/types.js
102 silly gunzTarPerm modified mode [ 'examples/types.js', 420, 438 ]
103 silly gunzTarPerm extractEntry examples/property-prompt.js
104 silly gunzTarPerm modified mode [ 'examples/property-prompt.js', 420, 438 ]
105 silly gunzTarPerm extractEntry examples/simple-prompt.js
106 silly gunzTarPerm modified mode [ 'examples/simple-prompt.js', 420, 438 ]
107 silly gunzTarPerm extractEntry examples/color.js
108 silly gunzTarPerm modified mode [ 'examples/color.js', 420, 438 ]
109 silly gunzTarPerm extractEntry examples/yes-or-no-prompt.js
110 silly gunzTarPerm modified mode [ 'examples/yes-or-no-prompt.js', 420, 438 ]
111 silly gunzTarPerm extractEntry examples/override-validation.js
112 silly gunzTarPerm modified mode [ 'examples/override-validation.js', 420, 438 ]
113 silly gunzTarPerm extractEntry examples/prompt-streamline._js
114 silly gunzTarPerm modified mode [ 'examples/prompt-streamline._js', 420, 438 ]
115 silly gunzTarPerm extractEntry lib/prompt.js
116 silly gunzTarPerm modified mode [ 'lib/prompt.js', 420, 438 ]
117 silly gunzTarPerm extractEntry .travis.yml
118 silly gunzTarPerm modified mode [ '.travis.yml', 420, 438 ]
119 silly gunzTarPerm extractEntry test/helpers.js
120 silly gunzTarPerm modified mode [ 'test/helpers.js', 420, 438 ]
121 silly gunzTarPerm extractEntry test/interactive-prompt-test.js
122 silly gunzTarPerm modified mode [ 'test/interactive-prompt-test.js', 420, 438 ]
123 silly gunzTarPerm extractEntry test/macros.js
124 silly gunzTarPerm modified mode [ 'test/macros.js', 420, 438 ]
125 silly gunzTarPerm extractEntry test/prompt-test.js
126 silly gunzTarPerm modified mode [ 'test/prompt-test.js', 420, 438 ]
127 verbose write writing to C:\Users\Usuario\Desktop\ejerciciosjsestructurasrepetitivas\node_modules\prompt\package.json
128 info preinstall prompt@1.0.0
129 verbose readDependencies loading dependencies from C:\Users\Usuario\Desktop\ejerciciosjsestructurasrepetitivas\node_modules\prompt\package.json
130 silly prepareForInstallMany adding colors@^1.1.2 from prompt dependencies
131 silly prepareForInstallMany adding pkginfo@0.x.x from prompt dependencies
132 silly prepareForInstallMany adding read@1.0.x from prompt dependencies
133 silly prepareForInstallMany adding revalidator@0.1.x from prompt dependencies
134 silly prepareForInstallMany adding utile@0.3.x from prompt dependencies
135 silly prepareForInstallMany adding winston@2.1.x from prompt dependencies
136 verbose readDependencies loading dependencies from C:\Users\Usuario\Desktop\ejerciciosjsestructurasrepetitivas\node_modules\prompt\package.json
137 silly cache add args [ 'colors@^1.1.2', null ]
138 verbose cache add spec colors@^1.1.2
139 silly cache add args [ 'pkginfo@0.x.x', null ]
140 verbose cache add spec pkginfo@0.x.x
141 silly cache add parsed spec Result {
141 silly cache add   raw: 'colors@^1.1.2',
141 silly cache add   scope: null,
141 silly cache add   name: 'colors',
141 silly cache add   rawSpec: '^1.1.2',
141 silly cache add   spec: '>=1.1.2 <2.0.0',
141 silly cache add   type: 'range' }
142 silly addNamed colors@>=1.1.2 <2.0.0
143 verbose addNamed ">=1.1.2 <2.0.0" is a valid semver range for colors
144 silly addNameRange { name: 'colors', range: '>=1.1.2 <2.0.0', hasData: false }
145 silly mapToRegistry name colors
146 silly mapToRegistry using default registry
147 silly mapToRegistry registry https://registry.npmjs.org/
148 silly mapToRegistry data Result {
148 silly mapToRegistry   raw: 'colors',
148 silly mapToRegistry   scope: null,
148 silly mapToRegistry   name: 'colors',
148 silly mapToRegistry   rawSpec: '',
148 silly mapToRegistry   spec: 'latest',
148 silly mapToRegistry   type: 'tag' }
149 silly mapToRegistry uri https://registry.npmjs.org/colors
150 verbose addNameRange registry:https://registry.npmjs.org/colors not in flight; fetching
151 silly cache add parsed spec Result {
151 silly cache add   raw: 'pkginfo@0.x.x',
151 silly cache add   scope: null,
151 silly cache add   name: 'pkginfo',
151 silly cache add   rawSpec: '0.x.x',
151 silly cache add   spec: '>=0.0.0 <1.0.0',
151 silly cache add   type: 'range' }
152 silly addNamed pkginfo@>=0.0.0 <1.0.0
153 verbose addNamed ">=0.0.0 <1.0.0" is a valid semver range for pkginfo
154 silly addNameRange { name: 'pkginfo', range: '>=0.0.0 <1.0.0', hasData: false }
155 silly mapToRegistry name pkginfo
156 silly mapToRegistry using default registry
157 silly mapToRegistry registry https://registry.npmjs.org/
158 silly mapToRegistry data Result {
158 silly mapToRegistry   raw: 'pkginfo',
158 silly mapToRegistry   scope: null,
158 silly mapToRegistry   name: 'pkginfo',
158 silly mapToRegistry   rawSpec: '',
158 silly mapToRegistry   spec: 'latest',
158 silly mapToRegistry   type: 'tag' }
159 silly mapToRegistry uri https://registry.npmjs.org/pkginfo
160 verbose addNameRange registry:https://registry.npmjs.org/pkginfo not in flight; fetching
161 silly cache add args [ 'read@1.0.x', null ]
162 verbose cache add spec read@1.0.x
163 silly cache add parsed spec Result {
163 silly cache add   raw: 'read@1.0.x',
163 silly cache add   scope: null,
163 silly cache add   name: 'read',
163 silly cache add   rawSpec: '1.0.x',
163 silly cache add   spec: '>=1.0.0 <1.1.0',
163 silly cache add   type: 'range' }
164 silly addNamed read@>=1.0.0 <1.1.0
165 verbose addNamed ">=1.0.0 <1.1.0" is a valid semver range for read
166 silly addNameRange { name: 'read', range: '>=1.0.0 <1.1.0', hasData: false }
167 silly mapToRegistry name read
168 silly mapToRegistry using default registry
169 silly mapToRegistry registry https://registry.npmjs.org/
170 silly mapToRegistry data Result {
170 silly mapToRegistry   raw: 'read',
170 silly mapToRegistry   scope: null,
170 silly mapToRegistry   name: 'read',
170 silly mapToRegistry   rawSpec: '',
170 silly mapToRegistry   spec: 'latest',
170 silly mapToRegistry   type: 'tag' }
171 silly mapToRegistry uri https://registry.npmjs.org/read
172 verbose addNameRange registry:https://registry.npmjs.org/read not in flight; fetching
173 silly cache add args [ 'revalidator@0.1.x', null ]
174 verbose cache add spec revalidator@0.1.x
175 silly cache add parsed spec Result {
175 silly cache add   raw: 'revalidator@0.1.x',
175 silly cache add   scope: null,
175 silly cache add   name: 'revalidator',
175 silly cache add   rawSpec: '0.1.x',
175 silly cache add   spec: '>=0.1.0 <0.2.0',
175 silly cache add   type: 'range' }
176 silly addNamed revalidator@>=0.1.0 <0.2.0
177 verbose addNamed ">=0.1.0 <0.2.0" is a valid semver range for revalidator
178 silly addNameRange { name: 'revalidator', range: '>=0.1.0 <0.2.0', hasData: false }
179 silly mapToRegistry name revalidator
180 silly mapToRegistry using default registry
181 silly mapToRegistry registry https://registry.npmjs.org/
182 silly mapToRegistry data Result {
182 silly mapToRegistry   raw: 'revalidator',
182 silly mapToRegistry   scope: null,
182 silly mapToRegistry   name: 'revalidator',
182 silly mapToRegistry   rawSpec: '',
182 silly mapToRegistry   spec: 'latest',
182 silly mapToRegistry   type: 'tag' }
183 silly mapToRegistry uri https://registry.npmjs.org/revalidator
184 verbose addNameRange registry:https://registry.npmjs.org/revalidator not in flight; fetching
185 silly cache add args [ 'utile@0.3.x', null ]
186 verbose cache add spec utile@0.3.x
187 silly cache add parsed spec Result {
187 silly cache add   raw: 'utile@0.3.x',
187 silly cache add   scope: null,
187 silly cache add   name: 'utile',
187 silly cache add   rawSpec: '0.3.x',
187 silly cache add   spec: '>=0.3.0 <0.4.0',
187 silly cache add   type: 'range' }
188 silly addNamed utile@>=0.3.0 <0.4.0
189 verbose addNamed ">=0.3.0 <0.4.0" is a valid semver range for utile
190 silly addNameRange { name: 'utile', range: '>=0.3.0 <0.4.0', hasData: false }
191 silly mapToRegistry name utile
192 silly mapToRegistry using default registry
193 silly mapToRegistry registry https://registry.npmjs.org/
194 silly mapToRegistry data Result {
194 silly mapToRegistry   raw: 'utile',
194 silly mapToRegistry   scope: null,
194 silly mapToRegistry   name: 'utile',
194 silly mapToRegistry   rawSpec: '',
194 silly mapToRegistry   spec: 'latest',
194 silly mapToRegistry   type: 'tag' }
195 silly mapToRegistry uri https://registry.npmjs.org/utile
196 verbose addNameRange registry:https://registry.npmjs.org/utile not in flight; fetching
197 silly cache add args [ 'winston@2.1.x', null ]
198 verbose cache add spec winston@2.1.x
199 silly cache add parsed spec Result {
199 silly cache add   raw: 'winston@2.1.x',
199 silly cache add   scope: null,
199 silly cache add   name: 'winston',
199 silly cache add   rawSpec: '2.1.x',
199 silly cache add   spec: '>=2.1.0 <2.2.0',
199 silly cache add   type: 'range' }
200 silly addNamed winston@>=2.1.0 <2.2.0
201 verbose addNamed ">=2.1.0 <2.2.0" is a valid semver range for winston
202 silly addNameRange { name: 'winston', range: '>=2.1.0 <2.2.0', hasData: false }
203 silly mapToRegistry name winston
204 silly mapToRegistry using default registry
205 silly mapToRegistry registry https://registry.npmjs.org/
206 silly mapToRegistry data Result {
206 silly mapToRegistry   raw: 'winston',
206 silly mapToRegistry   scope: null,
206 silly mapToRegistry   name: 'winston',
206 silly mapToRegistry   rawSpec: '',
206 silly mapToRegistry   spec: 'latest',
206 silly mapToRegistry   type: 'tag' }
207 silly mapToRegistry uri https://registry.npmjs.org/winston
208 verbose addNameRange registry:https://registry.npmjs.org/winston not in flight; fetching
209 verbose request uri https://registry.npmjs.org/colors
210 verbose request no auth needed
211 info attempt registry request try #1 at 12:19:10
212 http request GET https://registry.npmjs.org/colors
213 verbose request uri https://registry.npmjs.org/pkginfo
214 verbose request no auth needed
215 info attempt registry request try #1 at 12:19:10
216 http request GET https://registry.npmjs.org/pkginfo
217 verbose request uri https://registry.npmjs.org/read
218 verbose request no auth needed
219 info attempt registry request try #1 at 12:19:10
220 http request GET https://registry.npmjs.org/read
221 verbose request uri https://registry.npmjs.org/revalidator
222 verbose request no auth needed
223 info attempt registry request try #1 at 12:19:10
224 http request GET https://registry.npmjs.org/revalidator
225 verbose request uri https://registry.npmjs.org/utile
226 verbose request no auth needed
227 info attempt registry request try #1 at 12:19:10
228 http request GET https://registry.npmjs.org/utile
229 verbose request uri https://registry.npmjs.org/winston
230 verbose request no auth needed
231 info attempt registry request try #1 at 12:19:10
232 http request GET https://registry.npmjs.org/winston
233 http 200 https://registry.npmjs.org/colors
234 verbose headers { server: 'CouchDB/1.5.0 (Erlang OTP/R16B03)',
234 verbose headers   etag: '"9AFB1GT4DYB4QMGQT1QKDF7G5"',
234 verbose headers   'content-type': 'application/json',
234 verbose headers   'content-encoding': 'gzip',
234 verbose headers   'cache-control': 'max-age=300',
234 verbose headers   'content-length': '5842',
234 verbose headers   'accept-ranges': 'bytes',
234 verbose headers   date: 'Fri, 22 Apr 2016 17:19:04 GMT',
234 verbose headers   via: '1.1 varnish',
234 verbose headers   age: '127',
234 verbose headers   connection: 'keep-alive',
234 verbose headers   'x-served-by': 'cache-iad2121-IAD',
234 verbose headers   'x-cache': 'HIT',
234 verbose headers   'x-cache-hits': '6',
234 verbose headers   'x-timer': 'S1461345544.962151,VS0,VE0',
234 verbose headers   vary: 'Accept-Encoding' }
235 silly get cb [ 200,
235 silly get   { server: 'CouchDB/1.5.0 (Erlang OTP/R16B03)',
235 silly get     etag: '"9AFB1GT4DYB4QMGQT1QKDF7G5"',
235 silly get     'content-type': 'application/json',
235 silly get     'content-encoding': 'gzip',
235 silly get     'cache-control': 'max-age=300',
235 silly get     'content-length': '5842',
235 silly get     'accept-ranges': 'bytes',
235 silly get     date: 'Fri, 22 Apr 2016 17:19:04 GMT',
235 silly get     via: '1.1 varnish',
235 silly get     age: '127',
235 silly get     connection: 'keep-alive',
235 silly get     'x-served-by': 'cache-iad2121-IAD',
235 silly get     'x-cache': 'HIT',
235 silly get     'x-cache-hits': '6',
235 silly get     'x-timer': 'S1461345544.962151,VS0,VE0',
235 silly get     vary: 'Accept-Encoding' } ]
236 verbose get saving colors to C:\Users\Usuario\AppData\Roaming\npm-cache\registry.npmjs.org\colors\.cache.json
237 verbose correctMkdir C:\Users\Usuario\AppData\Roaming\npm-cache correctMkdir not in flight; initializing
238 silly addNameRange number 2 { name: 'colors', range: '>=1.1.2 <2.0.0', hasData: true }
239 silly addNameRange versions [ 'colors',
239 silly addNameRange   [ '0.3.0',
239 silly addNameRange     '0.5.0',
239 silly addNameRange     '0.5.1',
239 silly addNameRange     '0.6.0',
239 silly addNameRange     '0.6.0-1',
239 silly addNameRange     '0.6.1',
239 silly addNameRange     '0.6.2',
239 silly addNameRange     '1.0.0',
239 silly addNameRange     '1.0.1',
239 silly addNameRange     '1.0.2',
239 silly addNameRange     '1.0.3',
239 silly addNameRange     '1.1.0',
239 silly addNameRange     '1.1.1',
239 silly addNameRange     '1.1.2' ] ]
240 silly addNamed colors@1.1.2
241 verbose addNamed "1.1.2" is a plain semver version for colors
242 silly mapToRegistry name colors
243 silly mapToRegistry using default registry
244 silly mapToRegistry registry https://registry.npmjs.org/
245 silly mapToRegistry data Result {
245 silly mapToRegistry   raw: 'colors',
245 silly mapToRegistry   scope: null,
245 silly mapToRegistry   name: 'colors',
245 silly mapToRegistry   rawSpec: '',
245 silly mapToRegistry   spec: 'latest',
245 silly mapToRegistry   type: 'tag' }
246 silly mapToRegistry uri https://registry.npmjs.org/colors
247 verbose addRemoteTarball https://registry.npmjs.org/colors/-/colors-1.1.2.tgz not in flight; adding
248 verbose addRemoteTarball [ 'https://registry.npmjs.org/colors/-/colors-1.1.2.tgz',
248 verbose addRemoteTarball   '168a4701756b6a7f51a12ce0c97bfa28c084ed63' ]
249 info retry fetch attempt 1 at 12:19:10
250 info attempt registry request try #1 at 12:19:10
251 http fetch GET https://registry.npmjs.org/colors/-/colors-1.1.2.tgz
252 http fetch 200 https://registry.npmjs.org/colors/-/colors-1.1.2.tgz
253 warn retry will retry, error on last attempt: Error: EBUSY: resource busy or locked, rename 'C:\Users\Usuario\AppData\Local\Temp\npm-3228-7af4f2cb\registry.npmjs.org\colors\-\colors-1.1.2.tgz.4045153518' -> 'C:\Users\Usuario\AppData\Local\Temp\npm-3228-7af4f2cb\registry.npmjs.org\colors\-\colors-1.1.2.tgz'
254 verbose stack TypeError: tarball.destroy is not a function
254 verbose stack     at WriteStreamAtomic.<anonymous> (C:\Program Files\nodejs\node_modules\npm\lib\cache\add-remote-tarball.js:85:15)
254 verbose stack     at emitOne (events.js:82:20)
254 verbose stack     at WriteStreamAtomic.emit (events.js:169:7)
254 verbose stack     at WriteStreamAtomic.emit (C:\Program Files\nodejs\node_modules\npm\node_modules\fs-write-stream-atomic\index.js:60:34)
254 verbose stack     at C:\Program Files\nodejs\node_modules\npm\node_modules\fs-write-stream-atomic\index.js:89:19
254 verbose stack     at FSReqWrap.oncomplete (fs.js:82:15)
255 verbose cwd C:\Users\Usuario\Desktop\ejerciciosjsestructurasrepetitivas
256 error Windows_NT 10.0.10586
257 error argv "C:\\Program Files\\nodejs\\node.exe" "C:\\Program Files\\nodejs\\node_modules\\npm\\bin\\npm-cli.js" "install" "prompt"
258 error node v4.4.3
259 error npm  v2.15.1
260 error tarball.destroy is not a function
261 error If you need help, you may report this error at:
261 error     <https://github.com/npm/npm/issues>
262 verbose exit [ 1, true ]
